# JRE version: OpenJDK Runtime Environment (15.0.2+10) (build 15.0.2+10)
# Java VM: OpenJDK 64-Bit Server VM (15.0.2+10, mixed mode, sharing, tiered, compressed oops, g1 gc, linux-amd64)
GC Precious Log:
 CPUs: 8 total, 8 available
 Memory: 15769M
 Large Page Support: Disabled
 NUMA Support: Disabled
 Compressed Oops: Enabled (Zero based)
 Heap Region Size: 2M
 Heap Min Capacity: 8M
 Heap Initial Capacity: 248M
 Heap Max Capacity: 3944M
 Pre-touch: Disabled
 Parallel Workers: 8
 Concurrent Workers: 2
 Concurrent Refinement Workers: 8
 Periodic GC: Disabled
Heap:
 garbage-first heap   total 331776K, used 201188K [0x0000000709800000, 0x0000000800000000)
  region size 2048K, 29 young (59392K), 1 survivors (2048K)
 Metaspace       used 60559K, capacity 60933K, committed 61904K, reserved 1103872K
  class space    used 7972K, capacity 8115K, committed 8320K, reserved 1048576K
GC Heap History (20 events):
Event: 3424,665 GC heap before
{Heap before GC invocations=38 (full 0):
 garbage-first heap   total 331776K, used 281465K [0x0000000709800000, 0x0000000800000000)
  region size 2048K, 70 young (143360K), 5 survivors (10240K)
 Metaspace       used 60712K, capacity 61221K, committed 61904K, reserved 1103872K
  class space    used 8011K, capacity 8199K, committed 8320K, reserved 1048576K
}
Event: 3424,672 GC heap after
{Heap after GC invocations=39 (full 0):
 garbage-first heap   total 331776K, used 147928K [0x0000000709800000, 0x0000000800000000)
  region size 2048K, 5 young (10240K), 5 survivors (10240K)
 Metaspace       used 60712K, capacity 61221K, committed 61904K, reserved 1103872K
  class space    used 8011K, capacity 8199K, committed 8320K, reserved 1048576K
}
Event: 3803,382 GC heap before
{Heap before GC invocations=39 (full 0):
 garbage-first heap   total 331776K, used 281048K [0x0000000709800000, 0x0000000800000000)
  region size 2048K, 70 young (143360K), 5 survivors (10240K)
 Metaspace       used 60712K, capacity 61221K, committed 61904K, reserved 1103872K
  class space    used 8011K, capacity 8199K, committed 8320K, reserved 1048576K
}
Event: 3803,389 GC heap after
{Heap after GC invocations=40 (full 0):
 garbage-first heap   total 331776K, used 148135K [0x0000000709800000, 0x0000000800000000)
  region size 2048K, 5 young (10240K), 5 survivors (10240K)
 Metaspace       used 60712K, capacity 61221K, committed 61904K, reserved 1103872K
  class space    used 8011K, capacity 8199K, committed 8320K, reserved 1048576K
}
Event: 4183,371 GC heap before
{Heap before GC invocations=40 (full 0):
 garbage-first heap   total 331776K, used 281255K [0x0000000709800000, 0x0000000800000000)
  region size 2048K, 70 young (143360K), 5 survivors (10240K)
 Metaspace       used 60712K, capacity 61221K, committed 61904K, reserved 1103872K
  class space    used 8011K, capacity 8199K, committed 8320K, reserved 1048576K
}
Event: 4183,377 GC heap after
{Heap after GC invocations=41 (full 0):
 garbage-first heap   total 331776K, used 148141K [0x0000000709800000, 0x0000000800000000)
  region size 2048K, 5 young (10240K), 5 survivors (10240K)
 Metaspace       used 60712K, capacity 61221K, committed 61904K, reserved 1103872K
  class space    used 8011K, capacity 8199K, committed 8320K, reserved 1048576K
}
Event: 4560,993 GC heap before
{Heap before GC invocations=41 (full 0):
 garbage-first heap   total 331776K, used 281261K [0x0000000709800000, 0x0000000800000000)
  region size 2048K, 70 young (143360K), 5 survivors (10240K)
 Metaspace       used 60712K, capacity 61221K, committed 61904K, reserved 1103872K
  class space    used 8011K, capacity 8199K, committed 8320K, reserved 1048576K
}
Event: 4561,001 GC heap after
{Heap after GC invocations=42 (full 0):
 garbage-first heap   total 331776K, used 147934K [0x0000000709800000, 0x0000000800000000)
  region size 2048K, 5 young (10240K), 5 survivors (10240K)
 Metaspace       used 60712K, capacity 61221K, committed 61904K, reserved 1103872K
  class space    used 8011K, capacity 8199K, committed 8320K, reserved 1048576K
}
Event: 4938,591 GC heap before
{Heap before GC invocations=42 (full 0):
 garbage-first heap   total 331776K, used 281054K [0x0000000709800000, 0x0000000800000000)
  region size 2048K, 70 young (143360K), 5 survivors (10240K)
 Metaspace       used 60713K, capacity 61221K, committed 61904K, reserved 1103872K
  class space    used 8011K, capacity 8199K, committed 8320K, reserved 1048576K
}
Event: 4938,598 GC heap after
{Heap after GC invocations=43 (full 0):
 garbage-first heap   total 331776K, used 148130K [0x0000000709800000, 0x0000000800000000)
  region size 2048K, 5 young (10240K), 5 survivors (10240K)
 Metaspace       used 60713K, capacity 61221K, committed 61904K, reserved 1103872K
  class space    used 8011K, capacity 8199K, committed 8320K, reserved 1048576K
}
Event: 4964,440 GC heap before
{Heap before GC invocations=43 (full 0):
 garbage-first heap   total 331776K, used 156322K [0x0000000709800000, 0x0000000800000000)
  region size 2048K, 10 young (20480K), 5 survivors (10240K)
 Metaspace       used 60717K, capacity 61221K, committed 61904K, reserved 1103872K
  class space    used 8012K, capacity 8199K, committed 8320K, reserved 1048576K
}
Event: 4964,444 GC heap after
{Heap after GC invocations=44 (full 0):
 garbage-first heap   total 331776K, used 148278K [0x0000000709800000, 0x0000000800000000)
  region size 2048K, 3 young (6144K), 3 survivors (6144K)
 Metaspace       used 60717K, capacity 61221K, committed 61904K, reserved 1103872K
  class space    used 8012K, capacity 8199K, committed 8320K, reserved 1048576K
}
Event: 5355,528 GC heap before
{Heap before GC invocations=45 (full 0):
 garbage-first heap   total 331776K, used 283446K [0x0000000709800000, 0x0000000800000000)
  region size 2048K, 70 young (143360K), 3 survivors (6144K)
 Metaspace       used 60591K, capacity 61021K, committed 61904K, reserved 1103872K
  class space    used 7983K, capacity 8140K, committed 8320K, reserved 1048576K
}
Event: 5355,535 GC heap after
{Heap after GC invocations=46 (full 0):
 garbage-first heap   total 331776K, used 146153K [0x0000000709800000, 0x0000000800000000)
  region size 2048K, 3 young (6144K), 3 survivors (6144K)
 Metaspace       used 60591K, capacity 61021K, committed 61904K, reserved 1103872K
  class space    used 7983K, capacity 8140K, committed 8320K, reserved 1048576K
}
Event: 5753,104 GC heap before
{Heap before GC invocations=46 (full 0):
 garbage-first heap   total 331776K, used 285417K [0x0000000709800000, 0x0000000800000000)
  region size 2048K, 71 young (145408K), 3 survivors (6144K)
 Metaspace       used 60591K, capacity 61021K, committed 61904K, reserved 1103872K
  class space    used 7983K, capacity 8140K, committed 8320K, reserved 1048576K
}
Event: 5753,109 GC heap after
{Heap after GC invocations=47 (full 0):
 garbage-first heap   total 331776K, used 146519K [0x0000000709800000, 0x0000000800000000)
  region size 2048K, 1 young (2048K), 1 survivors (2048K)
 Metaspace       used 60591K, capacity 61021K, committed 61904K, reserved 1103872K
  class space    used 7983K, capacity 8140K, committed 8320K, reserved 1048576K
}
Event: 6161,842 GC heap before
{Heap before GC invocations=47 (full 0):
 garbage-first heap   total 331776K, used 289879K [0x0000000709800000, 0x0000000800000000)
  region size 2048K, 71 young (145408K), 1 survivors (2048K)
 Metaspace       used 60591K, capacity 61021K, committed 61904K, reserved 1103872K
  class space    used 7983K, capacity 8140K, committed 8320K, reserved 1048576K
}
Event: 6161,844 GC heap after
{Heap after GC invocations=48 (full 0):
 garbage-first heap   total 331776K, used 145946K [0x0000000709800000, 0x0000000800000000)
  region size 2048K, 1 young (2048K), 1 survivors (2048K)
 Metaspace       used 60591K, capacity 61021K, committed 61904K, reserved 1103872K
  class space    used 7983K, capacity 8140K, committed 8320K, reserved 1048576K
}
Event: 6571,876 GC heap before
{Heap before GC invocations=49 (full 0):
 garbage-first heap   total 331776K, used 289306K [0x0000000709800000, 0x0000000800000000)
  region size 2048K, 71 young (145408K), 1 survivors (2048K)
 Metaspace       used 60532K, capacity 60933K, committed 61904K, reserved 1103872K
  class space    used 7970K, capacity 8115K, committed 8320K, reserved 1048576K
}
Event: 6571,878 GC heap after
{Heap after GC invocations=50 (full 0):
 garbage-first heap   total 331776K, used 145892K [0x0000000709800000, 0x0000000800000000)
  region size 2048K, 1 young (2048K), 1 survivors (2048K)
 Metaspace       used 60532K, capacity 60933K, committed 61904K, reserved 1103872K
  class space    used 7970K, capacity 8115K, committed 8320K, reserved 1048576K
}

