# JRE version: OpenJDK Runtime Environment (15.0.2+10) (build 15.0.2+10)
# Java VM: OpenJDK 64-Bit Server VM (15.0.2+10, mixed mode, sharing, tiered, compressed oops, g1 gc, linux-amd64)
GC Precious Log:
 CPUs: 8 total, 8 available
 Memory: 15770M
 Large Page Support: Disabled
 NUMA Support: Disabled
 Compressed Oops: Enabled (Zero based)
 Heap Region Size: 2M
 Heap Min Capacity: 8M
 Heap Initial Capacity: 248M
 Heap Max Capacity: 3944M
 Pre-touch: Disabled
 Parallel Workers: 8
 Concurrent Workers: 2
 Concurrent Refinement Workers: 8
 Periodic GC: Disabled
Heap:
 garbage-first heap   total 212992K, used 122107K [0x0000000709800000, 0x0000000800000000)
  region size 2048K, 13 young (26624K), 3 survivors (6144K)
 Metaspace       used 59089K, capacity 59548K, committed 59984K, reserved 1101824K
  class space    used 7736K, capacity 7904K, committed 7936K, reserved 1048576K
GC Heap History (20 events):
Event: 14,588 GC heap before
{Heap before GC invocations=13 (full 0):
 garbage-first heap   total 110592K, used 80655K [0x0000000709800000, 0x0000000800000000)
  region size 2048K, 11 young (22528K), 2 survivors (4096K)
 Metaspace       used 47230K, capacity 47599K, committed 48208K, reserved 1091584K
  class space    used 6161K, capacity 6303K, committed 6400K, reserved 1048576K
}
Event: 14,591 GC heap after
{Heap after GC invocations=14 (full 0):
 garbage-first heap   total 110592K, used 68726K [0x0000000709800000, 0x0000000800000000)
  region size 2048K, 2 young (4096K), 2 survivors (4096K)
 Metaspace       used 47230K, capacity 47599K, committed 48208K, reserved 1091584K
  class space    used 6161K, capacity 6303K, committed 6400K, reserved 1048576K
}
Event: 14,650 GC heap before
{Heap before GC invocations=15 (full 0):
 garbage-first heap   total 126976K, used 72822K [0x0000000709800000, 0x0000000800000000)
  region size 2048K, 5 young (10240K), 2 survivors (4096K)
 Metaspace       used 47388K, capacity 47759K, committed 48464K, reserved 1091584K
  class space    used 6200K, capacity 6335K, committed 6400K, reserved 1048576K
}
Event: 14,654 GC heap after
{Heap after GC invocations=16 (full 0):
 garbage-first heap   total 126976K, used 70459K [0x0000000709800000, 0x0000000800000000)
  region size 2048K, 1 young (2048K), 1 survivors (2048K)
 Metaspace       used 47388K, capacity 47759K, committed 48464K, reserved 1091584K
  class space    used 6200K, capacity 6335K, committed 6400K, reserved 1048576K
}
Event: 14,891 GC heap before
{Heap before GC invocations=17 (full 0):
 garbage-first heap   total 141312K, used 95035K [0x0000000709800000, 0x0000000800000000)
  region size 2048K, 11 young (22528K), 1 survivors (2048K)
 Metaspace       used 47914K, capacity 48272K, committed 48848K, reserved 1091584K
  class space    used 6327K, capacity 6463K, committed 6528K, reserved 1048576K
}
Event: 14,895 GC heap after
{Heap after GC invocations=18 (full 0):
 garbage-first heap   total 141312K, used 79154K [0x0000000709800000, 0x0000000800000000)
  region size 2048K, 2 young (4096K), 2 survivors (4096K)
 Metaspace       used 47914K, capacity 48272K, committed 48848K, reserved 1091584K
  class space    used 6327K, capacity 6463K, committed 6528K, reserved 1048576K
}
Event: 15,103 GC heap before
{Heap before GC invocations=18 (full 0):
 garbage-first heap   total 141312K, used 103730K [0x0000000709800000, 0x0000000800000000)
  region size 2048K, 14 young (28672K), 2 survivors (4096K)
 Metaspace       used 48436K, capacity 48752K, committed 49488K, reserved 1091584K
  class space    used 6485K, capacity 6623K, committed 6656K, reserved 1048576K
}
Event: 15,106 GC heap after
{Heap after GC invocations=19 (full 0):
 garbage-first heap   total 141312K, used 86120K [0x0000000709800000, 0x0000000800000000)
  region size 2048K, 2 young (4096K), 2 survivors (4096K)
 Metaspace       used 48436K, capacity 48752K, committed 49488K, reserved 1091584K
  class space    used 6485K, capacity 6623K, committed 6656K, reserved 1048576K
}
Event: 15,459 GC heap before
{Heap before GC invocations=20 (full 0):
 garbage-first heap   total 157696K, used 92264K [0x0000000709800000, 0x0000000800000000)
  region size 2048K, 6 young (12288K), 2 survivors (4096K)
 Metaspace       used 48885K, capacity 49200K, committed 49872K, reserved 1093632K
  class space    used 6534K, capacity 6687K, committed 6784K, reserved 1048576K
}
Event: 15,464 GC heap after
{Heap after GC invocations=21 (full 0):
 garbage-first heap   total 157696K, used 88576K [0x0000000709800000, 0x0000000800000000)
  region size 2048K, 2 young (4096K), 2 survivors (4096K)
 Metaspace       used 48885K, capacity 49200K, committed 49872K, reserved 1093632K
  class space    used 6534K, capacity 6687K, committed 6784K, reserved 1048576K
}
Event: 15,554 GC heap before
{Heap before GC invocations=22 (full 0):
 garbage-first heap   total 167936K, used 92672K [0x0000000709800000, 0x0000000800000000)
  region size 2048K, 3 young (6144K), 2 survivors (4096K)
 Metaspace       used 48885K, capacity 49200K, committed 49872K, reserved 1093632K
  class space    used 6534K, capacity 6687K, committed 6784K, reserved 1048576K
}
Event: 15,557 GC heap after
{Heap after GC invocations=23 (full 0):
 garbage-first heap   total 167936K, used 92507K [0x0000000709800000, 0x0000000800000000)
  region size 2048K, 1 young (2048K), 1 survivors (2048K)
 Metaspace       used 48885K, capacity 49200K, committed 49872K, reserved 1093632K
  class space    used 6534K, capacity 6687K, committed 6784K, reserved 1048576K
}
Event: 21,338 GC heap before
{Heap before GC invocations=24 (full 0):
 garbage-first heap   total 182272K, used 100699K [0x0000000709800000, 0x0000000800000000)
  region size 2048K, 2 young (4096K), 1 survivors (2048K)
 Metaspace       used 48903K, capacity 49200K, committed 49872K, reserved 1093632K
  class space    used 6534K, capacity 6687K, committed 6784K, reserved 1048576K
}
Event: 21,340 GC heap after
{Heap after GC invocations=25 (full 0):
 garbage-first heap   total 182272K, used 100688K [0x0000000709800000, 0x0000000800000000)
  region size 2048K, 1 young (2048K), 1 survivors (2048K)
 Metaspace       used 48903K, capacity 49200K, committed 49872K, reserved 1093632K
  class space    used 6534K, capacity 6687K, committed 6784K, reserved 1048576K
}
Event: 43,381 GC heap before
{Heap before GC invocations=26 (full 0):
 garbage-first heap   total 212992K, used 155984K [0x0000000709800000, 0x0000000800000000)
  region size 2048K, 20 young (40960K), 1 survivors (2048K)
 Metaspace       used 57586K, capacity 58088K, committed 58704K, reserved 1099776K
  class space    used 7643K, capacity 7804K, committed 7936K, reserved 1048576K
}
Event: 43,387 GC heap after
{Heap after GC invocations=27 (full 0):
 garbage-first heap   total 212992K, used 102651K [0x0000000709800000, 0x0000000800000000)
  region size 2048K, 2 young (4096K), 2 survivors (4096K)
 Metaspace       used 57586K, capacity 58088K, committed 58704K, reserved 1099776K
  class space    used 7643K, capacity 7804K, committed 7936K, reserved 1048576K
}
Event: 346,926 GC heap before
{Heap before GC invocations=27 (full 0):
 garbage-first heap   total 212992K, used 162043K [0x0000000709800000, 0x0000000800000000)
  region size 2048K, 31 young (63488K), 2 survivors (4096K)
 Metaspace       used 58798K, capacity 59191K, committed 59728K, reserved 1101824K
  class space    used 7722K, capacity 7872K, committed 7936K, reserved 1048576K
}
Event: 346,932 GC heap after
{Heap after GC invocations=28 (full 0):
 garbage-first heap   total 212992K, used 103478K [0x0000000709800000, 0x0000000800000000)
  region size 2048K, 3 young (6144K), 3 survivors (6144K)
 Metaspace       used 58798K, capacity 59191K, committed 59728K, reserved 1101824K
  class space    used 7722K, capacity 7872K, committed 7936K, reserved 1048576K
}
Event: 597,159 GC heap before
{Heap before GC invocations=29 (full 0):
 garbage-first heap   total 212992K, used 164918K [0x0000000709800000, 0x0000000800000000)
  region size 2048K, 33 young (67584K), 3 survivors (6144K)
 Metaspace       used 58985K, capacity 59420K, committed 59984K, reserved 1101824K
  class space    used 7731K, capacity 7904K, committed 7936K, reserved 1048576K
}
Event: 597,165 GC heap after
{Heap after GC invocations=30 (full 0):
 garbage-first heap   total 212992K, used 103675K [0x0000000709800000, 0x0000000800000000)
  region size 2048K, 3 young (6144K), 3 survivors (6144K)
 Metaspace       used 58985K, capacity 59420K, committed 59984K, reserved 1101824K
  class space    used 7731K, capacity 7904K, committed 7936K, reserved 1048576K
}

