# JRE version: OpenJDK Runtime Environment (15.0.2+10) (build 15.0.2+10)
# Java VM: OpenJDK 64-Bit Server VM (15.0.2+10, mixed mode, sharing, tiered, compressed oops, g1 gc, linux-amd64)
GC Precious Log:
 CPUs: 8 total, 8 available
 Memory: 15770M
 Large Page Support: Disabled
 NUMA Support: Disabled
 Compressed Oops: Enabled (Zero based)
 Heap Region Size: 2M
 Heap Min Capacity: 8M
 Heap Initial Capacity: 248M
 Heap Max Capacity: 3944M
 Pre-touch: Disabled
 Parallel Workers: 8
 Concurrent Workers: 2
 Concurrent Refinement Workers: 8
 Periodic GC: Disabled
Heap:
 garbage-first heap   total 327680K, used 276890K [0x0000000709800000, 0x0000000800000000)
  region size 2048K, 75 young (153600K), 1 survivors (2048K)
 Metaspace       used 79616K, capacity 80247K, committed 80464K, reserved 1120256K
  class space    used 10313K, capacity 10525K, committed 10620K, reserved 1048576K
GC Heap History (20 events):
Event: 8264,499 GC heap before
{Heap before GC invocations=62 (full 0):
 garbage-first heap   total 327680K, used 287147K [0x0000000709800000, 0x0000000800000000)
  region size 2048K, 79 young (161792K), 1 survivors (2048K)
 Metaspace       used 79608K, capacity 80247K, committed 80464K, reserved 1120256K
  class space    used 10313K, capacity 10525K, committed 10620K, reserved 1048576K
}
Event: 8264,501 GC heap after
{Heap after GC invocations=63 (full 0):
 garbage-first heap   total 327680K, used 127379K [0x0000000709800000, 0x0000000800000000)
  region size 2048K, 1 young (2048K), 1 survivors (2048K)
 Metaspace       used 79608K, capacity 80247K, committed 80464K, reserved 1120256K
  class space    used 10313K, capacity 10525K, committed 10620K, reserved 1048576K
}
Event: 8747,923 GC heap before
{Heap before GC invocations=63 (full 0):
 garbage-first heap   total 327680K, used 287123K [0x0000000709800000, 0x0000000800000000)
  region size 2048K, 79 young (161792K), 1 survivors (2048K)
 Metaspace       used 79608K, capacity 80247K, committed 80464K, reserved 1120256K
  class space    used 10313K, capacity 10525K, committed 10620K, reserved 1048576K
}
Event: 8747,924 GC heap after
{Heap after GC invocations=64 (full 0):
 garbage-first heap   total 327680K, used 127374K [0x0000000709800000, 0x0000000800000000)
  region size 2048K, 1 young (2048K), 1 survivors (2048K)
 Metaspace       used 79608K, capacity 80247K, committed 80464K, reserved 1120256K
  class space    used 10313K, capacity 10525K, committed 10620K, reserved 1048576K
}
Event: 9230,523 GC heap before
{Heap before GC invocations=64 (full 0):
 garbage-first heap   total 327680K, used 287118K [0x0000000709800000, 0x0000000800000000)
  region size 2048K, 79 young (161792K), 1 survivors (2048K)
 Metaspace       used 79608K, capacity 80247K, committed 80464K, reserved 1120256K
  class space    used 10313K, capacity 10525K, committed 10620K, reserved 1048576K
}
Event: 9230,524 GC heap after
{Heap after GC invocations=65 (full 0):
 garbage-first heap   total 327680K, used 127378K [0x0000000709800000, 0x0000000800000000)
  region size 2048K, 1 young (2048K), 1 survivors (2048K)
 Metaspace       used 79608K, capacity 80247K, committed 80464K, reserved 1120256K
  class space    used 10313K, capacity 10525K, committed 10620K, reserved 1048576K
}
Event: 9714,449 GC heap before
{Heap before GC invocations=65 (full 0):
 garbage-first heap   total 327680K, used 287122K [0x0000000709800000, 0x0000000800000000)
  region size 2048K, 79 young (161792K), 1 survivors (2048K)
 Metaspace       used 79608K, capacity 80247K, committed 80464K, reserved 1120256K
  class space    used 10313K, capacity 10525K, committed 10620K, reserved 1048576K
}
Event: 9714,450 GC heap after
{Heap after GC invocations=66 (full 0):
 garbage-first heap   total 327680K, used 127373K [0x0000000709800000, 0x0000000800000000)
  region size 2048K, 1 young (2048K), 1 survivors (2048K)
 Metaspace       used 79608K, capacity 80247K, committed 80464K, reserved 1120256K
  class space    used 10313K, capacity 10525K, committed 10620K, reserved 1048576K
}
Event: 10197,357 GC heap before
{Heap before GC invocations=66 (full 0):
 garbage-first heap   total 327680K, used 287117K [0x0000000709800000, 0x0000000800000000)
  region size 2048K, 79 young (161792K), 1 survivors (2048K)
 Metaspace       used 79608K, capacity 80247K, committed 80464K, reserved 1120256K
  class space    used 10313K, capacity 10525K, committed 10620K, reserved 1048576K
}
Event: 10197,358 GC heap after
{Heap after GC invocations=67 (full 0):
 garbage-first heap   total 327680K, used 127375K [0x0000000709800000, 0x0000000800000000)
  region size 2048K, 1 young (2048K), 1 survivors (2048K)
 Metaspace       used 79608K, capacity 80247K, committed 80464K, reserved 1120256K
  class space    used 10313K, capacity 10525K, committed 10620K, reserved 1048576K
}
Event: 10680,026 GC heap before
{Heap before GC invocations=67 (full 0):
 garbage-first heap   total 327680K, used 287119K [0x0000000709800000, 0x0000000800000000)
  region size 2048K, 79 young (161792K), 1 survivors (2048K)
 Metaspace       used 79608K, capacity 80247K, committed 80464K, reserved 1120256K
  class space    used 10313K, capacity 10525K, committed 10620K, reserved 1048576K
}
Event: 10680,028 GC heap after
{Heap after GC invocations=68 (full 0):
 garbage-first heap   total 327680K, used 127374K [0x0000000709800000, 0x0000000800000000)
  region size 2048K, 1 young (2048K), 1 survivors (2048K)
 Metaspace       used 79608K, capacity 80247K, committed 80464K, reserved 1120256K
  class space    used 10313K, capacity 10525K, committed 10620K, reserved 1048576K
}
Event: 11165,012 GC heap before
{Heap before GC invocations=68 (full 0):
 garbage-first heap   total 327680K, used 287118K [0x0000000709800000, 0x0000000800000000)
  region size 2048K, 79 young (161792K), 1 survivors (2048K)
 Metaspace       used 79608K, capacity 80247K, committed 80464K, reserved 1120256K
  class space    used 10313K, capacity 10525K, committed 10620K, reserved 1048576K
}
Event: 11165,014 GC heap after
{Heap after GC invocations=69 (full 0):
 garbage-first heap   total 327680K, used 127374K [0x0000000709800000, 0x0000000800000000)
  region size 2048K, 1 young (2048K), 1 survivors (2048K)
 Metaspace       used 79608K, capacity 80247K, committed 80464K, reserved 1120256K
  class space    used 10313K, capacity 10525K, committed 10620K, reserved 1048576K
}
Event: 11649,667 GC heap before
{Heap before GC invocations=69 (full 0):
 garbage-first heap   total 327680K, used 287118K [0x0000000709800000, 0x0000000800000000)
  region size 2048K, 79 young (161792K), 1 survivors (2048K)
 Metaspace       used 79608K, capacity 80247K, committed 80464K, reserved 1120256K
  class space    used 10313K, capacity 10525K, committed 10620K, reserved 1048576K
}
Event: 11649,668 GC heap after
{Heap after GC invocations=70 (full 0):
 garbage-first heap   total 327680K, used 127376K [0x0000000709800000, 0x0000000800000000)
  region size 2048K, 1 young (2048K), 1 survivors (2048K)
 Metaspace       used 79608K, capacity 80247K, committed 80464K, reserved 1120256K
  class space    used 10313K, capacity 10525K, committed 10620K, reserved 1048576K
}
Event: 12134,024 GC heap before
{Heap before GC invocations=70 (full 0):
 garbage-first heap   total 327680K, used 287120K [0x0000000709800000, 0x0000000800000000)
  region size 2048K, 79 young (161792K), 1 survivors (2048K)
 Metaspace       used 79608K, capacity 80247K, committed 80464K, reserved 1120256K
  class space    used 10313K, capacity 10525K, committed 10620K, reserved 1048576K
}
Event: 12134,026 GC heap after
{Heap after GC invocations=71 (full 0):
 garbage-first heap   total 327680K, used 127378K [0x0000000709800000, 0x0000000800000000)
  region size 2048K, 1 young (2048K), 1 survivors (2048K)
 Metaspace       used 79608K, capacity 80247K, committed 80464K, reserved 1120256K
  class space    used 10313K, capacity 10525K, committed 10620K, reserved 1048576K
}
Event: 12619,132 GC heap before
{Heap before GC invocations=71 (full 0):
 garbage-first heap   total 327680K, used 287122K [0x0000000709800000, 0x0000000800000000)
  region size 2048K, 79 young (161792K), 1 survivors (2048K)
 Metaspace       used 79608K, capacity 80247K, committed 80464K, reserved 1120256K
  class space    used 10313K, capacity 10525K, committed 10620K, reserved 1048576K
}
Event: 12619,133 GC heap after
{Heap after GC invocations=72 (full 0):
 garbage-first heap   total 327680K, used 127386K [0x0000000709800000, 0x0000000800000000)
  region size 2048K, 1 young (2048K), 1 survivors (2048K)
 Metaspace       used 79608K, capacity 80247K, committed 80464K, reserved 1120256K
  class space    used 10313K, capacity 10525K, committed 10620K, reserved 1048576K
}

